<?xml version="1.0" encoding="UTF-8"?>
<!-- Generated by org.testng.reporters.JUnitXMLReporter -->
<testsuite ignored="0" hostname="saiyaswanth" failures="0" tests="10" name="Test" time="79.215" errors="0" timestamp="2021-09-27T07:57:07 IST">
  <testcase classname="com.urbanladder.runner.Runner" name="Login" time="11.156"/>
  <testcase classname="com.urbanladder.runner.Runner" name="DiningTable" time="1.668"/>
  <testcase classname="com.urbanladder.runner.Runner" name="Sale" time="9.95"/>
  <testcase classname="com.urbanladder.runner.Runner" name="Living" time="8.74"/>
  <testcase classname="com.urbanladder.runner.Runner" name="Bedroom" time="8.309"/>
  <testcase classname="com.urbanladder.runner.Runner" name="Storage" time="8.436"/>
  <testcase classname="com.urbanladder.runner.Runner" name="Study" time="8.383"/>
  <testcase classname="com.urbanladder.runner.Runner" name="Kids" time="8.253"/>
  <testcase classname="com.urbanladder.runner.Runner" name="GiftCard" time="9.571"/>
  <testcase classname="com.urbanladder.runner.Runner" name="BulkOrder" time="1.976"/>
</testsuite> <!-- Test -->
