<?xml version="1.0" encoding="UTF-8"?>
<testng-results ignored="0" total="10" passed="10" failed="0" skipped="0">
  <reporter-output>
  </reporter-output>
  <suite started-at="2021-09-27T07:55:48 IST" name="Suite" finished-at="2021-09-27T07:57:07 IST" duration-ms="79215">
    <groups>
    </groups>
    <test started-at="2021-09-27T07:55:48 IST" name="Test" finished-at="2021-09-27T07:57:07 IST" duration-ms="79215">
      <class name="com.urbanladder.runner.Runner">
        <test-method is-config="true" signature="homePage()[pri:0, instance:com.urbanladder.runner.Runner@2aa27288]" started-at="2021-09-27T07:55:48 IST" name="homePage" finished-at="2021-09-27T07:55:50 IST" duration-ms="1979" status="PASS">
          <reporter-output>
          </reporter-output>
        </test-method> <!-- homePage -->
        <test-method signature="Login()[pri:0, instance:com.urbanladder.runner.Runner@2aa27288]" started-at="2021-09-27T07:55:50 IST" name="Login" finished-at="2021-09-27T07:56:01 IST" duration-ms="11156" status="PASS">
          <reporter-output>
          </reporter-output>
        </test-method> <!-- Login -->
        <test-method signature="DiningTable(java.lang.String)[pri:1, instance:com.urbanladder.runner.Runner@2aa27288]" started-at="2021-09-27T07:56:02 IST" name="DiningTable" data-provider="getSearchData" finished-at="2021-09-27T07:56:04 IST" duration-ms="1668" status="PASS">
          <params>
            <param index="0">
              <value>
                <![CDATA[dining table]]>
              </value>
            </param>
          </params>
          <reporter-output>
          </reporter-output>
        </test-method> <!-- DiningTable -->
        <test-method signature="Sale()[pri:2, instance:com.urbanladder.runner.Runner@2aa27288]" started-at="2021-09-27T07:56:04 IST" name="Sale" finished-at="2021-09-27T07:56:14 IST" duration-ms="9950" status="PASS">
          <reporter-output>
          </reporter-output>
        </test-method> <!-- Sale -->
        <test-method signature="Living()[pri:3, instance:com.urbanladder.runner.Runner@2aa27288]" started-at="2021-09-27T07:56:14 IST" name="Living" finished-at="2021-09-27T07:56:22 IST" duration-ms="8740" status="PASS">
          <reporter-output>
          </reporter-output>
        </test-method> <!-- Living -->
        <test-method signature="Bedroom()[pri:4, instance:com.urbanladder.runner.Runner@2aa27288]" started-at="2021-09-27T07:56:22 IST" name="Bedroom" finished-at="2021-09-27T07:56:31 IST" duration-ms="8309" status="PASS">
          <reporter-output>
          </reporter-output>
        </test-method> <!-- Bedroom -->
        <test-method signature="Storage()[pri:5, instance:com.urbanladder.runner.Runner@2aa27288]" started-at="2021-09-27T07:56:31 IST" name="Storage" finished-at="2021-09-27T07:56:39 IST" duration-ms="8436" status="PASS">
          <reporter-output>
          </reporter-output>
        </test-method> <!-- Storage -->
        <test-method signature="Study()[pri:6, instance:com.urbanladder.runner.Runner@2aa27288]" started-at="2021-09-27T07:56:39 IST" name="Study" finished-at="2021-09-27T07:56:47 IST" duration-ms="8383" status="PASS">
          <reporter-output>
          </reporter-output>
        </test-method> <!-- Study -->
        <test-method signature="Kids()[pri:7, instance:com.urbanladder.runner.Runner@2aa27288]" started-at="2021-09-27T07:56:47 IST" name="Kids" finished-at="2021-09-27T07:56:56 IST" duration-ms="8253" status="PASS">
          <reporter-output>
          </reporter-output>
        </test-method> <!-- Kids -->
        <test-method signature="GiftCard()[pri:8, instance:com.urbanladder.runner.Runner@2aa27288]" started-at="2021-09-27T07:56:56 IST" name="GiftCard" finished-at="2021-09-27T07:57:05 IST" duration-ms="9571" status="PASS">
          <reporter-output>
          </reporter-output>
        </test-method> <!-- GiftCard -->
        <test-method signature="BulkOrder()[pri:9, instance:com.urbanladder.runner.Runner@2aa27288]" started-at="2021-09-27T07:57:05 IST" name="BulkOrder" finished-at="2021-09-27T07:57:07 IST" duration-ms="1976" status="PASS">
          <reporter-output>
          </reporter-output>
        </test-method> <!-- BulkOrder -->
      </class> <!-- com.urbanladder.runner.Runner -->
    </test> <!-- Test -->
  </suite> <!-- Suite -->
</testng-results>
